2022-02-10 18:06:06 ERROR (SyncWorker_0) [homeassistant.util.yaml.loader] while scanning a simple key
  in "/config/configuration.yaml", line 7, column 3
could not find expected ':'
  in "/config/configuration.yaml", line 9, column 3
2022-02-10 18:06:06 ERROR (MainThread) [homeassistant.bootstrap] Failed to parse configuration.yaml: while scanning a simple key
  in "/config/configuration.yaml", line 7, column 3
could not find expected ':'
  in "/config/configuration.yaml", line 9, column 3. Activating safe mode
2022-02-10 18:06:18 WARNING (MainThread) [homeassistant.setup] Setup of hassio is taking over 10 seconds.
2022-02-10 18:16:43 ERROR (MainThread) [homeassistant.components.hassio.handler] Timeout on /addons/a0d7b954_aircast/stats request
2022-02-10 18:16:43 ERROR (MainThread) [homeassistant.components.hassio.handler] Timeout on /addons/a0d7b954_ftp/stats request
2022-02-10 18:16:43 ERROR (MainThread) [homeassistant.components.hassio.handler] Timeout on /addons/a0d7b954_ssh/stats request
2022-02-10 18:16:43 ERROR (MainThread) [homeassistant.components.hassio.handler] Timeout on /addons/a0d7b954_spotify/stats request
2022-02-10 18:16:43 ERROR (MainThread) [homeassistant.components.hassio.handler] Timeout on /addons/core_almond/stats request
2022-02-10 18:16:43 ERROR (MainThread) [homeassistant.components.hassio.handler] Timeout on /addons/a0d7b954_nginxproxymanager/stats request
2022-02-10 18:16:43 WARNING (MainThread) [homeassistant.components.hassio] Can't read Supervisor data: 
2022-02-10 18:21:54 ERROR (MainThread) [homeassistant.components.hassio.handler] Timeout on /addons/a0d7b954_ssh/stats request
2022-02-10 18:21:54 ERROR (MainThread) [homeassistant.components.hassio.handler] Timeout on /addons/a0d7b954_nginxproxymanager/stats request
2022-02-10 18:21:54 WARNING (MainThread) [homeassistant.components.hassio] Can't read Supervisor data: 
2022-02-10 18:26:33 ERROR (SyncWorker_4) [homeassistant.util.yaml.loader] while scanning a simple key
  in "/config/configuration.yaml", line 7, column 3
could not find expected ':'
  in "/config/configuration.yaml", line 9, column 3
2022-02-10 18:26:37 ERROR (SyncWorker_8) [homeassistant.util.yaml.loader] while scanning a simple key
  in "/config/configuration.yaml", line 7, column 3
could not find expected ':'
  in "/config/configuration.yaml", line 9, column 3
2022-02-10 18:26:37 ERROR (MainThread) [homeassistant.components.hassio] The system cannot restart because the configuration is not valid: Error loading /config/configuration.yaml: while scanning a simple key
  in "/config/configuration.yaml", line 7, column 3
could not find expected ':'
  in "/config/configuration.yaml", line 9, column 3
2022-02-10 18:26:37 ERROR (MainThread) [homeassistant.components.websocket_api.http.connection] [547571361680] The system cannot restart because the configuration is not valid: Error loading /config/configuration.yaml: while scanning a simple key
  in "/config/configuration.yaml", line 7, column 3
could not find expected ':'
  in "/config/configuration.yaml", line 9, column 3
Traceback (most recent call last):
  File "/usr/src/homeassistant/homeassistant/components/websocket_api/commands.py", line 190, in handle_call_service
    await hass.services.async_call(
  File "/usr/src/homeassistant/homeassistant/core.py", line 1630, in async_call
    task.result()
  File "/usr/src/homeassistant/homeassistant/core.py", line 1667, in _execute_service
    await cast(Callable[[ServiceCall], Awaitable[None]], handler.job.target)(
  File "/usr/src/homeassistant/homeassistant/components/hassio/__init__.py", line 609, in async_handle_core_service
    raise HomeAssistantError(
homeassistant.exceptions.HomeAssistantError: The system cannot restart because the configuration is not valid: Error loading /config/configuration.yaml: while scanning a simple key
  in "/config/configuration.yaml", line 7, column 3
could not find expected ':'
  in "/config/configuration.yaml", line 9, column 3
2022-02-10 18:32:15 ERROR (MainThread) [homeassistant.components.hassio.handler] Timeout on /addons/a0d7b954_aircast/stats request
2022-02-10 18:32:15 ERROR (MainThread) [homeassistant.components.hassio.handler] Timeout on /addons/a0d7b954_spotify/stats request
2022-02-10 18:32:15 ERROR (MainThread) [homeassistant.components.hassio.handler] Timeout on /addons/core_almond/stats request
2022-02-10 18:32:15 ERROR (MainThread) [homeassistant.components.hassio.handler] Timeout on /addons/a0d7b954_sqlite-web/stats request
2022-02-10 18:32:15 ERROR (MainThread) [homeassistant.components.hassio.handler] Timeout on /addons/a0d7b954_nginxproxymanager/stats request
2022-02-10 18:32:15 WARNING (MainThread) [homeassistant.components.hassio] Can't read Supervisor data: 
2022-02-10 18:37:26 ERROR (MainThread) [homeassistant.components.hassio.handler] Timeout on /addons/a0d7b954_ssh/stats request
2022-02-10 18:37:26 ERROR (MainThread) [homeassistant.components.hassio.handler] Timeout on /addons/a0d7b954_sqlite-web/stats request
2022-02-10 18:37:26 WARNING (MainThread) [homeassistant.components.hassio] Can't read Supervisor data: 
2022-02-10 18:52:57 ERROR (MainThread) [homeassistant.components.hassio.handler] Timeout on /addons/core_almond/stats request
2022-02-10 18:52:57 ERROR (MainThread) [homeassistant.components.hassio.handler] Timeout on /addons/a0d7b954_nginxproxymanager/stats request
2022-02-10 18:52:57 ERROR (MainThread) [homeassistant.components.hassio.handler] Timeout on /addons/a0d7b954_aircast/stats request
2022-02-10 18:52:57 WARNING (MainThread) [homeassistant.components.hassio] Can't read Supervisor data: 
2022-02-10 19:08:29 ERROR (MainThread) [homeassistant.components.hassio.handler] Timeout on /addons/a0d7b954_aircast/stats request
2022-02-10 19:08:29 ERROR (MainThread) [homeassistant.components.hassio.handler] Timeout on /addons/a0d7b954_spotify/stats request
2022-02-10 19:08:29 ERROR (MainThread) [homeassistant.components.hassio.handler] Timeout on /addons/a0d7b954_ftp/stats request
2022-02-10 19:08:29 ERROR (MainThread) [homeassistant.components.hassio.handler] Timeout on /addons/a0d7b954_ssh/stats request
2022-02-10 19:08:29 ERROR (MainThread) [homeassistant.components.hassio.handler] Timeout on /addons/core_almond/stats request
2022-02-10 19:08:29 ERROR (MainThread) [homeassistant.components.hassio.handler] Timeout on /addons/a0d7b954_sqlite-web/stats request
2022-02-10 19:08:29 ERROR (MainThread) [homeassistant.components.hassio.handler] Timeout on /addons/a0d7b954_nginxproxymanager/stats request
2022-02-10 19:08:29 WARNING (MainThread) [homeassistant.components.hassio] Can't read Supervisor data: 
2022-02-10 19:18:50 ERROR (MainThread) [homeassistant.components.hassio.handler] Timeout on /addons/a0d7b954_ftp/stats request
2022-02-10 19:18:50 ERROR (MainThread) [homeassistant.components.hassio.handler] Timeout on /addons/a0d7b954_ssh/stats request
2022-02-10 19:18:50 ERROR (MainThread) [homeassistant.components.hassio.handler] Timeout on /addons/a0d7b954_spotify/stats request
2022-02-10 19:18:50 ERROR (MainThread) [homeassistant.components.hassio.handler] Timeout on /addons/core_almond/stats request
2022-02-10 19:18:50 ERROR (MainThread) [homeassistant.components.hassio.handler] Timeout on /addons/a0d7b954_nginxproxymanager/stats request
2022-02-10 19:18:50 WARNING (MainThread) [homeassistant.components.hassio] Can't read Supervisor data: 
2022-02-10 19:39:32 ERROR (MainThread) [homeassistant.components.hassio.handler] Timeout on /addons/a0d7b954_aircast/stats request
2022-02-10 19:39:32 ERROR (MainThread) [homeassistant.components.hassio.handler] Timeout on /addons/core_almond/stats request
2022-02-10 19:39:32 ERROR (MainThread) [homeassistant.components.hassio.handler] Timeout on /addons/a0d7b954_sqlite-web/stats request
2022-02-10 19:39:32 WARNING (MainThread) [homeassistant.components.hassio] Can't read Supervisor data: 
2022-02-10 19:55:04 ERROR (MainThread) [homeassistant.components.hassio.handler] Timeout on /addons/a0d7b954_nginxproxymanager/stats request
2022-02-10 19:55:04 ERROR (MainThread) [homeassistant.components.hassio.handler] Timeout on /addons/a0d7b954_ssh/stats request
2022-02-10 19:55:04 ERROR (MainThread) [homeassistant.components.hassio.handler] Timeout on /addons/a0d7b954_aircast/stats request
2022-02-10 19:55:04 ERROR (MainThread) [homeassistant.components.hassio.handler] Timeout on /addons/a0d7b954_ftp/stats request
2022-02-10 19:55:04 ERROR (MainThread) [homeassistant.components.hassio.handler] Timeout on /addons/core_almond/stats request
2022-02-10 19:55:04 ERROR (MainThread) [homeassistant.components.hassio.handler] Timeout on /addons/a0d7b954_spotify/stats request
2022-02-10 19:55:04 ERROR (MainThread) [homeassistant.components.hassio.handler] Timeout on /addons/a0d7b954_sqlite-web/stats request
2022-02-10 19:55:04 WARNING (MainThread) [homeassistant.components.hassio] Can't read Supervisor data: 
2022-02-10 20:05:26 ERROR (MainThread) [homeassistant.components.hassio.handler] Timeout on /addons/a0d7b954_aircast/stats request
2022-02-10 20:05:26 ERROR (MainThread) [homeassistant.components.hassio.handler] Timeout on /addons/a0d7b954_nginxproxymanager/stats request
2022-02-10 20:05:26 WARNING (MainThread) [homeassistant.components.hassio] Can't read Supervisor data: 
2022-02-10 20:10:37 ERROR (MainThread) [homeassistant.components.hassio.handler] Timeout on /addons/a0d7b954_nginxproxymanager/stats request
2022-02-10 20:10:37 ERROR (MainThread) [homeassistant.components.hassio.handler] Timeout on /addons/a0d7b954_aircast/stats request
2022-02-10 20:10:37 ERROR (MainThread) [homeassistant.components.hassio.handler] Timeout on /addons/core_almond/stats request
2022-02-10 20:10:37 ERROR (MainThread) [homeassistant.components.hassio.handler] Timeout on /addons/a0d7b954_spotify/stats request
2022-02-10 20:10:37 WARNING (MainThread) [homeassistant.components.hassio] Can't read Supervisor data: 
2022-02-10 20:15:48 ERROR (MainThread) [homeassistant.components.hassio.handler] Timeout on /addons/a0d7b954_nginxproxymanager/stats request
2022-02-10 20:15:48 ERROR (MainThread) [homeassistant.components.hassio.handler] Timeout on /addons/a0d7b954_aircast/stats request
2022-02-10 20:15:48 ERROR (MainThread) [homeassistant.components.hassio.handler] Timeout on /addons/core_almond/stats request
2022-02-10 20:15:48 WARNING (MainThread) [homeassistant.components.hassio] Can't read Supervisor data: 
2022-02-10 20:20:59 ERROR (MainThread) [homeassistant.components.hassio.handler] Timeout on /addons/a0d7b954_aircast/stats request
2022-02-10 20:20:59 ERROR (MainThread) [homeassistant.components.hassio.handler] Timeout on /addons/a0d7b954_nginxproxymanager/stats request
2022-02-10 20:20:59 WARNING (MainThread) [homeassistant.components.hassio] Can't read Supervisor data: 
2022-02-10 20:26:10 ERROR (MainThread) [homeassistant.components.hassio.handler] Timeout on /addons/a0d7b954_nginxproxymanager/stats request
2022-02-10 20:26:10 ERROR (MainThread) [homeassistant.components.hassio.handler] Timeout on /addons/a0d7b954_ssh/stats request
2022-02-10 20:26:10 ERROR (MainThread) [homeassistant.components.hassio.handler] Timeout on /addons/a0d7b954_ftp/stats request
2022-02-10 20:26:10 ERROR (MainThread) [homeassistant.components.hassio.handler] Timeout on /addons/a0d7b954_spotify/stats request
2022-02-10 20:26:10 WARNING (MainThread) [homeassistant.components.hassio] Can't read Supervisor data: 
2022-02-10 20:31:21 ERROR (MainThread) [homeassistant.components.hassio.handler] Timeout on /addons/a0d7b954_nginxproxymanager/stats request
2022-02-10 20:31:21 WARNING (MainThread) [homeassistant.components.hassio] Can't read Supervisor data: 
2022-02-10 20:41:42 ERROR (MainThread) [homeassistant.components.hassio.handler] Timeout on /addons/core_almond/stats request
2022-02-10 20:41:42 ERROR (MainThread) [homeassistant.components.hassio.handler] Timeout on /addons/a0d7b954_spotify/stats request
2022-02-10 20:41:42 ERROR (MainThread) [homeassistant.components.hassio.handler] Timeout on /addons/a0d7b954_sqlite-web/stats request
2022-02-10 20:41:42 ERROR (MainThread) [homeassistant.components.hassio.handler] Timeout on /addons/a0d7b954_aircast/stats request
2022-02-10 20:41:42 ERROR (MainThread) [homeassistant.components.hassio.handler] Timeout on /addons/a0d7b954_nginxproxymanager/stats request
2022-02-10 20:41:42 WARNING (MainThread) [homeassistant.components.hassio] Can't read Supervisor data: 
2022-02-10 20:46:53 ERROR (MainThread) [homeassistant.components.hassio.handler] Timeout on /addons/a0d7b954_spotify/stats request
2022-02-10 20:46:53 ERROR (MainThread) [homeassistant.components.hassio.handler] Timeout on /addons/a0d7b954_aircast/stats request
2022-02-10 20:46:53 ERROR (MainThread) [homeassistant.components.hassio.handler] Timeout on /addons/a0d7b954_ssh/stats request
2022-02-10 20:46:53 ERROR (MainThread) [homeassistant.components.hassio.handler] Timeout on /addons/a0d7b954_ftp/stats request
2022-02-10 20:46:53 ERROR (MainThread) [homeassistant.components.hassio.handler] Timeout on /addons/core_almond/stats request
2022-02-10 20:46:53 ERROR (MainThread) [homeassistant.components.hassio.handler] Timeout on /addons/a0d7b954_nginxproxymanager/stats request
2022-02-10 20:46:53 WARNING (MainThread) [homeassistant.components.hassio] Can't read Supervisor data: 
2022-02-10 21:02:25 ERROR (MainThread) [homeassistant.components.hassio.handler] Timeout on /addons/core_almond/stats request
2022-02-10 21:02:25 ERROR (MainThread) [homeassistant.components.hassio.handler] Timeout on /addons/a0d7b954_ssh/stats request
2022-02-10 21:02:25 ERROR (MainThread) [homeassistant.components.hassio.handler] Timeout on /addons/a0d7b954_aircast/stats request
2022-02-10 21:02:25 WARNING (MainThread) [homeassistant.components.hassio] Can't read Supervisor data: 
2022-02-10 21:12:46 ERROR (MainThread) [homeassistant.components.hassio.handler] Timeout on /addons/a0d7b954_nginxproxymanager/stats request
2022-02-10 21:12:46 WARNING (MainThread) [homeassistant.components.hassio] Can't read Supervisor data: 
2022-02-10 21:17:57 ERROR (MainThread) [homeassistant.components.hassio.handler] Timeout on /addons/a0d7b954_nginxproxymanager/stats request
2022-02-10 21:17:57 WARNING (MainThread) [homeassistant.components.hassio] Can't read Supervisor data: 
2022-02-10 21:28:18 ERROR (MainThread) [homeassistant.components.hassio.handler] Timeout on /addons/a0d7b954_nginxproxymanager/stats request
2022-02-10 21:28:18 WARNING (MainThread) [homeassistant.components.hassio] Can't read Supervisor data: 
2022-02-10 21:33:29 ERROR (MainThread) [homeassistant.components.hassio.handler] Timeout on /addons/a0d7b954_aircast/stats request
2022-02-10 21:33:29 ERROR (MainThread) [homeassistant.components.hassio.handler] Timeout on /addons/core_almond/stats request
2022-02-10 21:33:29 ERROR (MainThread) [homeassistant.components.hassio.handler] Timeout on /addons/a0d7b954_nginxproxymanager/stats request
2022-02-10 21:33:29 WARNING (MainThread) [homeassistant.components.hassio] Can't read Supervisor data: 
2022-02-10 21:43:50 ERROR (MainThread) [homeassistant.components.hassio.handler] Timeout on /addons/a0d7b954_ftp/stats request
2022-02-10 21:43:50 ERROR (MainThread) [homeassistant.components.hassio.handler] Timeout on /addons/core_almond/stats request
2022-02-10 21:43:50 ERROR (MainThread) [homeassistant.components.hassio.handler] Timeout on /addons/a0d7b954_aircast/stats request
2022-02-10 21:43:50 ERROR (MainThread) [homeassistant.components.hassio.handler] Timeout on /addons/a0d7b954_ssh/stats request
2022-02-10 21:43:50 ERROR (MainThread) [homeassistant.components.hassio.handler] Timeout on /addons/a0d7b954_spotify/stats request
2022-02-10 21:43:50 ERROR (MainThread) [homeassistant.components.hassio.handler] Timeout on /addons/a0d7b954_nginxproxymanager/stats request
2022-02-10 21:43:50 WARNING (MainThread) [homeassistant.components.hassio] Can't read Supervisor data: 
2022-02-10 21:59:22 ERROR (MainThread) [homeassistant.components.hassio.handler] Timeout on /addons/a0d7b954_nginxproxymanager/stats request
2022-02-10 21:59:22 ERROR (MainThread) [homeassistant.components.hassio.handler] Timeout on /addons/a0d7b954_sqlite-web/stats request
2022-02-10 21:59:22 WARNING (MainThread) [homeassistant.components.hassio] Can't read Supervisor data: 
2022-02-10 22:04:33 ERROR (MainThread) [homeassistant.components.hassio.handler] Timeout on /addons/a0d7b954_spotify/stats request
2022-02-10 22:04:33 ERROR (MainThread) [homeassistant.components.hassio.handler] Timeout on /addons/a0d7b954_ftp/stats request
2022-02-10 22:04:33 ERROR (MainThread) [homeassistant.components.hassio.handler] Timeout on /addons/a0d7b954_ssh/stats request
2022-02-10 22:04:33 ERROR (MainThread) [homeassistant.components.hassio.handler] Timeout on /addons/core_almond/stats request
2022-02-10 22:04:33 ERROR (MainThread) [homeassistant.components.hassio.handler] Timeout on /addons/a0d7b954_sqlite-web/stats request
2022-02-10 22:04:33 ERROR (MainThread) [homeassistant.components.hassio.handler] Timeout on /addons/a0d7b954_nginxproxymanager/stats request
2022-02-10 22:04:33 ERROR (MainThread) [homeassistant.components.hassio.handler] Timeout on /addons/a0d7b954_aircast/stats request
2022-02-10 22:04:33 WARNING (MainThread) [homeassistant.components.hassio] Can't read Supervisor data: 
2022-02-10 22:09:44 ERROR (MainThread) [homeassistant.components.hassio.handler] Timeout on /addons/a0d7b954_ftp/stats request
2022-02-10 22:09:44 ERROR (MainThread) [homeassistant.components.hassio.handler] Timeout on /addons/a0d7b954_ssh/stats request
2022-02-10 22:09:44 ERROR (MainThread) [homeassistant.components.hassio.handler] Timeout on /addons/a0d7b954_nginxproxymanager/stats request
2022-02-10 22:09:44 WARNING (MainThread) [homeassistant.components.hassio] Can't read Supervisor data: 
2022-02-10 22:14:55 ERROR (MainThread) [homeassistant.components.hassio.handler] Timeout on /addons/a0d7b954_nginxproxymanager/stats request
2022-02-10 22:14:55 WARNING (MainThread) [homeassistant.components.hassio] Can't read Supervisor data: 
2022-02-10 22:30:28 ERROR (MainThread) [homeassistant.components.hassio.handler] Timeout on /addons/a0d7b954_ssh/stats request
2022-02-10 22:30:28 ERROR (MainThread) [homeassistant.components.hassio.handler] Timeout on /addons/a0d7b954_aircast/stats request
2022-02-10 22:30:28 ERROR (MainThread) [homeassistant.components.hassio.handler] Timeout on /addons/core_almond/stats request
2022-02-10 22:30:28 ERROR (MainThread) [homeassistant.components.hassio.handler] Timeout on /addons/a0d7b954_sqlite-web/stats request
2022-02-10 22:30:28 ERROR (MainThread) [homeassistant.components.hassio.handler] Timeout on /addons/a0d7b954_spotify/stats request
2022-02-10 22:30:28 ERROR (MainThread) [homeassistant.components.hassio.handler] Timeout on /addons/a0d7b954_plex/stats request
2022-02-10 22:30:28 ERROR (MainThread) [homeassistant.components.hassio.handler] Timeout on /addons/a0d7b954_nginxproxymanager/stats request
2022-02-10 22:30:28 ERROR (MainThread) [homeassistant.components.hassio.handler] Timeout on /addons/a0d7b954_ftp/stats request
2022-02-10 22:30:28 WARNING (MainThread) [homeassistant.components.hassio] Can't read Supervisor data: 
2022-02-10 22:35:39 ERROR (MainThread) [homeassistant.components.hassio.handler] Timeout on /addons/a0d7b954_ssh/stats request
2022-02-10 22:35:39 ERROR (MainThread) [homeassistant.components.hassio.handler] Timeout on /addons/a0d7b954_ftp/stats request
2022-02-10 22:35:39 ERROR (MainThread) [homeassistant.components.hassio.handler] Timeout on /addons/core_almond/stats request
2022-02-10 22:35:39 ERROR (MainThread) [homeassistant.components.hassio.handler] Timeout on /addons/a0d7b954_nginxproxymanager/stats request
2022-02-10 22:35:39 WARNING (MainThread) [homeassistant.components.hassio] Can't read Supervisor data: 
2022-02-10 22:46:00 ERROR (MainThread) [homeassistant.components.hassio.handler] Timeout on /addons/a0d7b954_aircast/stats request
2022-02-10 22:46:00 ERROR (MainThread) [homeassistant.components.hassio.handler] Timeout on /addons/a0d7b954_nginxproxymanager/stats request
2022-02-10 22:46:00 ERROR (MainThread) [homeassistant.components.hassio.handler] Timeout on /addons/a0d7b954_ssh/stats request
2022-02-10 22:46:00 ERROR (MainThread) [homeassistant.components.hassio.handler] Timeout on /addons/core_almond/stats request
2022-02-10 22:46:00 ERROR (MainThread) [homeassistant.components.hassio.handler] Timeout on /addons/a0d7b954_ftp/stats request
2022-02-10 22:46:00 ERROR (MainThread) [homeassistant.components.hassio.handler] Timeout on /addons/a0d7b954_spotify/stats request
2022-02-10 22:46:00 WARNING (MainThread) [homeassistant.components.hassio] Can't read Supervisor data: 
2022-02-10 22:56:21 ERROR (MainThread) [homeassistant.components.hassio.handler] Timeout on /addons/a0d7b954_ssh/stats request
2022-02-10 22:56:21 ERROR (MainThread) [homeassistant.components.hassio.handler] Timeout on /addons/a0d7b954_spotify/stats request
2022-02-10 22:56:21 ERROR (MainThread) [homeassistant.components.hassio.handler] Timeout on /addons/core_almond/stats request
2022-02-10 22:56:21 ERROR (MainThread) [homeassistant.components.hassio.handler] Timeout on /addons/a0d7b954_sqlite-web/stats request
2022-02-10 22:56:21 ERROR (MainThread) [homeassistant.components.hassio.handler] Timeout on /addons/a0d7b954_aircast/stats request
2022-02-10 22:56:21 ERROR (MainThread) [homeassistant.components.hassio.handler] Timeout on /addons/a0d7b954_ftp/stats request
2022-02-10 22:56:21 ERROR (MainThread) [homeassistant.components.hassio.handler] Timeout on /addons/a0d7b954_nginxproxymanager/stats request
2022-02-10 22:56:21 WARNING (MainThread) [homeassistant.components.hassio] Can't read Supervisor data: 
2022-02-10 23:15:33 WARNING (MainThread) [homeassistant.components.webhook] Received message for unregistered webhook ec1ba21288da430ade0981715082fbb3d15a5705aa15ee99c99d3cdf737a4705 from cloud
2022-02-10 23:15:33 WARNING (MainThread) [homeassistant.components.webhook] Received message for unregistered webhook ec1ba21288da430ade0981715082fbb3d15a5705aa15ee99c99d3cdf737a4705 from cloud
2022-02-10 23:15:33 WARNING (MainThread) [homeassistant.components.webhook] Received message for unregistered webhook ec1ba21288da430ade0981715082fbb3d15a5705aa15ee99c99d3cdf737a4705 from cloud
2022-02-10 23:22:16 ERROR (MainThread) [homeassistant.components.hassio.handler] Timeout on /addons/a0d7b954_aircast/stats request
2022-02-10 23:22:16 ERROR (MainThread) [homeassistant.components.hassio.handler] Timeout on /addons/a0d7b954_nginxproxymanager/stats request
2022-02-10 23:22:16 ERROR (MainThread) [homeassistant.components.hassio.handler] Timeout on /addons/core_almond/stats request
2022-02-10 23:22:16 WARNING (MainThread) [homeassistant.components.hassio] Can't read Supervisor data: 
2022-02-10 23:37:49 ERROR (MainThread) [homeassistant.components.hassio.handler] Timeout on /addons/a0d7b954_aircast/stats request
2022-02-10 23:37:49 ERROR (MainThread) [homeassistant.components.hassio.handler] Timeout on /addons/core_almond/stats request
2022-02-10 23:37:49 ERROR (MainThread) [homeassistant.components.hassio.handler] Timeout on /addons/a0d7b954_ftp/stats request
2022-02-10 23:37:49 ERROR (MainThread) [homeassistant.components.hassio.handler] Timeout on /addons/a0d7b954_ssh/stats request
2022-02-10 23:37:49 ERROR (MainThread) [homeassistant.components.hassio.handler] Timeout on /addons/a0d7b954_nginxproxymanager/stats request
2022-02-10 23:37:49 WARNING (MainThread) [homeassistant.components.hassio] Can't read Supervisor data: 
2022-02-10 23:48:10 ERROR (MainThread) [homeassistant.components.hassio.handler] Timeout on /addons/a0d7b954_ftp/stats request
2022-02-10 23:48:10 ERROR (MainThread) [homeassistant.components.hassio.handler] Timeout on /addons/a0d7b954_spotify/stats request
2022-02-10 23:48:10 WARNING (MainThread) [homeassistant.components.hassio] Can't read Supervisor data: 
2022-02-10 23:58:31 ERROR (MainThread) [homeassistant.components.hassio.handler] Timeout on /addons/a0d7b954_nginxproxymanager/stats request
2022-02-10 23:58:31 ERROR (MainThread) [homeassistant.components.hassio.handler] Timeout on /addons/a0d7b954_ssh/stats request
2022-02-10 23:58:31 ERROR (MainThread) [homeassistant.components.hassio.handler] Timeout on /addons/a0d7b954_aircast/stats request
2022-02-10 23:58:31 ERROR (MainThread) [homeassistant.components.hassio.handler] Timeout on /addons/core_almond/stats request
2022-02-10 23:58:31 ERROR (MainThread) [homeassistant.components.hassio.handler] Timeout on /addons/a0d7b954_ftp/stats request
2022-02-10 23:58:31 WARNING (MainThread) [homeassistant.components.hassio] Can't read Supervisor data: 
2022-02-11 00:00:05 WARNING (MainThread) [homeassistant.components.webhook] Received message for unregistered webhook ec1ba21288da430ade0981715082fbb3d15a5705aa15ee99c99d3cdf737a4705 from cloud
2022-02-11 00:00:07 WARNING (MainThread) [homeassistant.components.webhook] Received message for unregistered webhook ec1ba21288da430ade0981715082fbb3d15a5705aa15ee99c99d3cdf737a4705 from cloud
2022-02-11 00:03:42 ERROR (MainThread) [homeassistant.components.hassio.handler] Timeout on /addons/core_almond/stats request
2022-02-11 00:03:42 ERROR (MainThread) [homeassistant.components.hassio.handler] Timeout on /addons/a0d7b954_nginxproxymanager/stats request
2022-02-11 00:03:42 WARNING (MainThread) [homeassistant.components.hassio] Can't read Supervisor data: 
2022-02-11 00:08:53 ERROR (MainThread) [homeassistant.components.hassio.handler] Timeout on /addons/a0d7b954_nginxproxymanager/stats request
2022-02-11 00:08:53 ERROR (MainThread) [homeassistant.components.hassio.handler] Timeout on /addons/a0d7b954_aircast/stats request
2022-02-11 00:08:53 ERROR (MainThread) [homeassistant.components.hassio.handler] Timeout on /addons/core_almond/stats request
2022-02-11 00:08:53 ERROR (MainThread) [homeassistant.components.hassio.handler] Timeout on /addons/a0d7b954_spotify/stats request
2022-02-11 00:08:53 WARNING (MainThread) [homeassistant.components.hassio] Can't read Supervisor data: 
2022-02-11 00:19:14 ERROR (MainThread) [homeassistant.components.hassio.handler] Timeout on /addons/a0d7b954_nginxproxymanager/stats request
2022-02-11 00:19:14 WARNING (MainThread) [homeassistant.components.hassio] Can't read Supervisor data: 
2022-02-11 00:21:17 ERROR (SyncWorker_3) [homeassistant.util.yaml.loader] while scanning a simple key
  in "/config/configuration.yaml", line 7, column 3
could not find expected ':'
  in "/config/configuration.yaml", line 9, column 3
2022-02-11 00:29:35 ERROR (MainThread) [homeassistant.components.hassio.handler] Timeout on /addons/core_almond/stats request
2022-02-11 00:29:35 ERROR (MainThread) [homeassistant.components.hassio.handler] Timeout on /addons/a0d7b954_ssh/stats request
2022-02-11 00:29:35 ERROR (MainThread) [homeassistant.components.hassio.handler] Timeout on /addons/a0d7b954_nginxproxymanager/stats request
2022-02-11 00:29:35 ERROR (MainThread) [homeassistant.components.hassio.handler] Timeout on /addons/a0d7b954_ftp/stats request
2022-02-11 00:29:35 ERROR (MainThread) [homeassistant.components.hassio.handler] Timeout on /addons/a0d7b954_aircast/stats request
2022-02-11 00:29:35 WARNING (MainThread) [homeassistant.components.hassio] Can't read Supervisor data: 
2022-02-11 00:34:46 ERROR (MainThread) [homeassistant.components.hassio.handler] Timeout on /addons/a0d7b954_ssh/stats request
2022-02-11 00:34:46 ERROR (MainThread) [homeassistant.components.hassio.handler] Timeout on /addons/a0d7b954_nginxproxymanager/stats request
2022-02-11 00:34:46 ERROR (MainThread) [homeassistant.components.hassio.handler] Timeout on /addons/a0d7b954_sqlite-web/stats request
2022-02-11 00:34:46 ERROR (MainThread) [homeassistant.components.hassio.handler] Timeout on /addons/a0d7b954_spotify/stats request
2022-02-11 00:34:46 ERROR (MainThread) [homeassistant.components.hassio.handler] Timeout on /addons/a0d7b954_aircast/stats request
2022-02-11 00:34:46 ERROR (MainThread) [homeassistant.components.hassio.handler] Timeout on /addons/a0d7b954_ftp/stats request
2022-02-11 00:34:46 WARNING (MainThread) [homeassistant.components.hassio] Can't read Supervisor data: 
2022-02-11 00:35:19 ERROR (SyncWorker_0) [homeassistant.util.yaml.loader] while parsing a block mapping
  in "/config/configuration.yaml", line 2, column 1
expected <block end>, but found '<scalar>'
  in "/config/configuration.yaml", line 28, column 30
2022-02-11 00:35:48 ERROR (MainThread) [homeassistant.components.hassio.ingress] Can't set forward_for header, missing peername
2022-02-11 00:37:39 ERROR (MainThread) [homeassistant.components.hassio.ingress] Can't set forward_for header, missing peername
2022-02-11 00:37:39 ERROR (MainThread) [homeassistant.components.hassio.ingress] Can't set forward_for header, missing peername
2022-02-11 00:39:57 ERROR (MainThread) [homeassistant.components.hassio.handler] Timeout on /addons/core_almond/stats request
2022-02-11 00:39:57 ERROR (MainThread) [homeassistant.components.hassio.handler] Timeout on /addons/a0d7b954_aircast/stats request
2022-02-11 00:39:57 ERROR (MainThread) [homeassistant.components.hassio.handler] Timeout on /addons/a0d7b954_nginxproxymanager/stats request
2022-02-11 00:39:57 ERROR (MainThread) [homeassistant.components.hassio.handler] Timeout on /addons/a0d7b954_ftp/stats request
2022-02-11 00:39:57 WARNING (MainThread) [homeassistant.components.hassio] Can't read Supervisor data: 
2022-02-11 00:40:30 ERROR (MainThread) [homeassistant.components.hassio.ingress] Can't set forward_for header, missing peername
2022-02-11 00:40:30 ERROR (MainThread) [homeassistant.components.hassio.ingress] Can't set forward_for header, missing peername
2022-02-11 00:40:35 ERROR (SyncWorker_3) [homeassistant.util.yaml.loader] while parsing a block mapping
  in "/config/configuration.yaml", line 2, column 1
expected <block end>, but found '<scalar>'
  in "/config/configuration.yaml", line 28, column 30
2022-02-11 00:40:55 ERROR (SyncWorker_7) [homeassistant.util.yaml.loader] while parsing a block mapping
  in "/config/configuration.yaml", line 2, column 1
expected <block end>, but found '<scalar>'
  in "/config/configuration.yaml", line 28, column 30
2022-02-11 00:40:55 ERROR (MainThread) [homeassistant.components.homeassistant] while parsing a block mapping
  in "/config/configuration.yaml", line 2, column 1
expected <block end>, but found '<scalar>'
  in "/config/configuration.yaml", line 28, column 30
2022-02-11 00:40:56 ERROR (SyncWorker_1) [homeassistant.util.yaml.loader] while parsing a block mapping
  in "/config/configuration.yaml", line 2, column 1
expected <block end>, but found '<scalar>'
  in "/config/configuration.yaml", line 28, column 30
2022-02-11 00:40:56 ERROR (MainThread) [homeassistant.components.person] while parsing a block mapping
  in "/config/configuration.yaml", line 2, column 1
expected <block end>, but found '<scalar>'
  in "/config/configuration.yaml", line 28, column 30
2022-02-11 00:40:57 ERROR (SyncWorker_0) [homeassistant.util.yaml.loader] while parsing a block mapping
  in "/config/configuration.yaml", line 2, column 1
expected <block end>, but found '<scalar>'
  in "/config/configuration.yaml", line 28, column 30
2022-02-11 00:42:44 ERROR (MainThread) [homeassistant.components.hassio.ingress] Can't set forward_for header, missing peername
2022-02-11 00:45:08 ERROR (MainThread) [homeassistant.components.hassio.handler] Timeout on /addons/a0d7b954_nginxproxymanager/stats request
2022-02-11 00:45:08 ERROR (MainThread) [homeassistant.components.hassio.handler] Timeout on /addons/a0d7b954_ftp/stats request
2022-02-11 00:45:08 ERROR (MainThread) [homeassistant.components.hassio.handler] Timeout on /addons/a0d7b954_aircast/stats request
2022-02-11 00:45:08 ERROR (MainThread) [homeassistant.components.hassio.handler] Timeout on /addons/a0d7b954_ssh/stats request
2022-02-11 00:45:08 WARNING (MainThread) [homeassistant.components.hassio] Can't read Supervisor data: 
2022-02-11 00:50:19 ERROR (MainThread) [homeassistant.components.hassio.handler] Timeout on /addons/a0d7b954_ssh/stats request
2022-02-11 00:50:19 ERROR (MainThread) [homeassistant.components.hassio.handler] Timeout on /addons/a0d7b954_nginxproxymanager/stats request
2022-02-11 00:50:19 ERROR (MainThread) [homeassistant.components.hassio.handler] Timeout on /addons/a0d7b954_aircast/stats request
2022-02-11 00:50:19 ERROR (MainThread) [homeassistant.components.hassio.handler] Timeout on /addons/a0d7b954_ftp/stats request
2022-02-11 00:50:19 ERROR (MainThread) [homeassistant.components.hassio.handler] Timeout on /addons/a0d7b954_spotify/stats request
2022-02-11 00:50:19 ERROR (MainThread) [homeassistant.components.hassio.handler] Timeout on /addons/core_almond/stats request
2022-02-11 00:50:19 WARNING (MainThread) [homeassistant.components.hassio] Can't read Supervisor data: 
2022-02-11 00:55:30 ERROR (MainThread) [homeassistant.components.hassio.handler] Timeout on /addons/a0d7b954_aircast/stats request
2022-02-11 00:55:30 ERROR (MainThread) [homeassistant.components.hassio.handler] Timeout on /addons/core_almond/stats request
2022-02-11 00:55:30 ERROR (MainThread) [homeassistant.components.hassio.handler] Timeout on /addons/a0d7b954_nginxproxymanager/stats request
2022-02-11 00:55:30 WARNING (MainThread) [homeassistant.components.hassio] Can't read Supervisor data: 
2022-02-11 01:00:41 ERROR (MainThread) [homeassistant.components.hassio.handler] Timeout on /addons/a0d7b954_aircast/stats request
2022-02-11 01:00:41 ERROR (MainThread) [homeassistant.components.hassio.handler] Timeout on /addons/a0d7b954_ftp/stats request
2022-02-11 01:00:41 ERROR (MainThread) [homeassistant.components.hassio.handler] Timeout on /addons/a0d7b954_ssh/stats request
2022-02-11 01:00:41 ERROR (MainThread) [homeassistant.components.hassio.handler] Timeout on /addons/core_almond/stats request
2022-02-11 01:00:41 ERROR (MainThread) [homeassistant.components.hassio.handler] Timeout on /addons/a0d7b954_nginxproxymanager/stats request
2022-02-11 01:00:41 WARNING (MainThread) [homeassistant.components.hassio] Can't read Supervisor data: 
2022-02-11 01:05:52 ERROR (MainThread) [homeassistant.components.hassio.handler] Timeout on /addons/a0d7b954_ftp/stats request
2022-02-11 01:05:52 ERROR (MainThread) [homeassistant.components.hassio.handler] Timeout on /addons/a0d7b954_ssh/stats request
2022-02-11 01:05:52 ERROR (MainThread) [homeassistant.components.hassio.handler] Timeout on /addons/core_almond/stats request
2022-02-11 01:05:52 ERROR (MainThread) [homeassistant.components.hassio.handler] Timeout on /addons/a0d7b954_nginxproxymanager/stats request
2022-02-11 01:05:52 ERROR (MainThread) [homeassistant.components.hassio.handler] Timeout on /addons/a0d7b954_aircast/stats request
2022-02-11 01:05:52 WARNING (MainThread) [homeassistant.components.hassio] Can't read Supervisor data: 
2022-02-11 01:16:13 ERROR (MainThread) [homeassistant.components.hassio.handler] Timeout on /addons/a0d7b954_aircast/stats request
2022-02-11 01:16:13 ERROR (MainThread) [homeassistant.components.hassio.handler] Timeout on /addons/core_almond/stats request
2022-02-11 01:16:13 ERROR (MainThread) [homeassistant.components.hassio.handler] Timeout on /addons/a0d7b954_nginxproxymanager/stats request
2022-02-11 01:16:13 WARNING (MainThread) [homeassistant.components.hassio] Can't read Supervisor data: 
2022-02-11 01:21:24 ERROR (MainThread) [homeassistant.components.hassio.handler] Timeout on /addons/a0d7b954_aircast/stats request
2022-02-11 01:21:24 WARNING (MainThread) [homeassistant.components.hassio] Can't read Supervisor data: 
2022-02-11 01:26:35 ERROR (MainThread) [homeassistant.components.hassio.handler] Timeout on /addons/a0d7b954_aircast/stats request
2022-02-11 01:26:35 ERROR (MainThread) [homeassistant.components.hassio.handler] Timeout on /addons/a0d7b954_ssh/stats request
2022-02-11 01:26:35 ERROR (MainThread) [homeassistant.components.hassio.handler] Timeout on /addons/core_almond/stats request
2022-02-11 01:26:35 WARNING (MainThread) [homeassistant.components.hassio] Can't read Supervisor data: 
2022-02-11 01:31:46 ERROR (MainThread) [homeassistant.components.hassio.handler] Timeout on /addons/a0d7b954_nginxproxymanager/stats request
2022-02-11 01:31:46 ERROR (MainThread) [homeassistant.components.hassio.handler] Timeout on /addons/a0d7b954_aircast/stats request
2022-02-11 01:31:46 WARNING (MainThread) [homeassistant.components.hassio] Can't read Supervisor data: 
2022-02-11 01:36:57 ERROR (MainThread) [homeassistant.components.hassio.handler] Timeout on /addons/a0d7b954_nginxproxymanager/stats request
2022-02-11 01:36:57 ERROR (MainThread) [homeassistant.components.hassio.handler] Timeout on /addons/a0d7b954_aircast/stats request
2022-02-11 01:36:57 WARNING (MainThread) [homeassistant.components.hassio] Can't read Supervisor data: 
2022-02-11 01:47:18 ERROR (MainThread) [homeassistant.components.hassio.handler] Timeout on /addons/a0d7b954_aircast/stats request
2022-02-11 01:47:18 ERROR (MainThread) [homeassistant.components.hassio.handler] Timeout on /addons/a0d7b954_nginxproxymanager/stats request
2022-02-11 01:47:18 ERROR (MainThread) [homeassistant.components.hassio.handler] Timeout on /addons/core_almond/stats request
2022-02-11 01:47:18 ERROR (MainThread) [homeassistant.components.hassio.handler] Timeout on /addons/a0d7b954_ssh/stats request
2022-02-11 01:47:18 WARNING (MainThread) [homeassistant.components.hassio] Can't read Supervisor data: 
2022-02-11 01:52:29 ERROR (MainThread) [homeassistant.components.hassio.handler] Timeout on /addons/a0d7b954_aircast/stats request
2022-02-11 01:52:29 ERROR (MainThread) [homeassistant.components.hassio.handler] Timeout on /addons/a0d7b954_ssh/stats request
2022-02-11 01:52:29 ERROR (MainThread) [homeassistant.components.hassio.handler] Timeout on /addons/a0d7b954_nginxproxymanager/stats request
2022-02-11 01:52:29 WARNING (MainThread) [homeassistant.components.hassio] Can't read Supervisor data: 
2022-02-11 02:02:50 ERROR (MainThread) [homeassistant.components.hassio.handler] Timeout on /addons/a0d7b954_nginxproxymanager/stats request
2022-02-11 02:02:50 WARNING (MainThread) [homeassistant.components.hassio] Can't read Supervisor data: 
2022-02-11 02:08:01 ERROR (MainThread) [homeassistant.components.hassio.handler] Timeout on /addons/a0d7b954_sqlite-web/stats request
2022-02-11 02:08:01 ERROR (MainThread) [homeassistant.components.hassio.handler] Timeout on /addons/a0d7b954_wireguard/stats request
2022-02-11 02:08:01 ERROR (MainThread) [homeassistant.components.hassio.handler] Timeout on /addons/a0d7b954_nginxproxymanager/stats request
2022-02-11 02:08:01 ERROR (MainThread) [homeassistant.components.hassio.handler] Timeout on /addons/a0d7b954_ssh/stats request
2022-02-11 02:08:01 ERROR (MainThread) [homeassistant.components.hassio.handler] Timeout on /addons/a0d7b954_ftp/stats request
2022-02-11 02:08:01 WARNING (MainThread) [homeassistant.components.hassio] Can't read Supervisor data: 
2022-02-11 02:13:12 ERROR (MainThread) [homeassistant.components.hassio.handler] Timeout on /addons/a0d7b954_aircast/stats request
2022-02-11 02:13:12 ERROR (MainThread) [homeassistant.components.hassio.handler] Timeout on /addons/a0d7b954_nginxproxymanager/stats request
2022-02-11 02:13:12 WARNING (MainThread) [homeassistant.components.hassio] Can't read Supervisor data: 
2022-02-11 02:18:23 ERROR (MainThread) [homeassistant.components.hassio.handler] Timeout on /addons/a0d7b954_nginxproxymanager/stats request
2022-02-11 02:18:23 WARNING (MainThread) [homeassistant.components.hassio] Can't read Supervisor data: 
2022-02-11 02:23:34 ERROR (MainThread) [homeassistant.components.hassio.handler] Timeout on /addons/a0d7b954_nginxproxymanager/stats request
2022-02-11 02:23:34 WARNING (MainThread) [homeassistant.components.hassio] Can't read Supervisor data: 
2022-02-11 02:28:45 ERROR (MainThread) [homeassistant.components.hassio.handler] Timeout on /addons/a0d7b954_nginxproxymanager/stats request
2022-02-11 02:28:45 ERROR (MainThread) [homeassistant.components.hassio.handler] Timeout on /addons/core_almond/stats request
2022-02-11 02:28:45 ERROR (MainThread) [homeassistant.components.hassio.handler] Timeout on /addons/a0d7b954_ssh/stats request
2022-02-11 02:28:45 ERROR (MainThread) [homeassistant.components.hassio.handler] Timeout on /addons/a0d7b954_aircast/stats request
2022-02-11 02:28:45 ERROR (MainThread) [homeassistant.components.hassio.handler] Timeout on /addons/a0d7b954_ftp/stats request
2022-02-11 02:28:45 ERROR (MainThread) [homeassistant.components.hassio.handler] Timeout on /addons/a0d7b954_spotify/stats request
2022-02-11 02:28:45 WARNING (MainThread) [homeassistant.components.hassio] Can't read Supervisor data: 
2022-02-11 02:33:56 ERROR (MainThread) [homeassistant.components.hassio.handler] Timeout on /addons/a0d7b954_ssh/stats request
2022-02-11 02:33:56 ERROR (MainThread) [homeassistant.components.hassio.handler] Timeout on /addons/a0d7b954_ftp/stats request
2022-02-11 02:33:56 ERROR (MainThread) [homeassistant.components.hassio.handler] Timeout on /addons/a0d7b954_nginxproxymanager/stats request
2022-02-11 02:33:56 ERROR (MainThread) [homeassistant.components.hassio.handler] Timeout on /addons/a0d7b954_aircast/stats request
2022-02-11 02:33:56 WARNING (MainThread) [homeassistant.components.hassio] Can't read Supervisor data: 
2022-02-11 02:39:07 ERROR (MainThread) [homeassistant.components.hassio.handler] Timeout on /addons/a0d7b954_nginxproxymanager/stats request
2022-02-11 02:39:07 ERROR (MainThread) [homeassistant.components.hassio.handler] Timeout on /addons/a0d7b954_ftp/stats request
2022-02-11 02:39:07 WARNING (MainThread) [homeassistant.components.hassio] Can't read Supervisor data: 
2022-02-11 02:44:18 ERROR (MainThread) [homeassistant.components.hassio.handler] Timeout on /addons/a0d7b954_aircast/stats request
2022-02-11 02:44:18 ERROR (MainThread) [homeassistant.components.hassio.handler] Timeout on /addons/a0d7b954_nginxproxymanager/stats request
2022-02-11 02:44:18 WARNING (MainThread) [homeassistant.components.hassio] Can't read Supervisor data: 
2022-02-11 02:49:29 ERROR (MainThread) [homeassistant.components.hassio.handler] Timeout on /addons/a0d7b954_nginxproxymanager/stats request
2022-02-11 02:49:29 ERROR (MainThread) [homeassistant.components.hassio.handler] Timeout on /addons/a0d7b954_aircast/stats request
2022-02-11 02:49:29 WARNING (MainThread) [homeassistant.components.hassio] Can't read Supervisor data: 
2022-02-11 02:54:40 ERROR (MainThread) [homeassistant.components.hassio.handler] Timeout on /addons/a0d7b954_nginxproxymanager/stats request
2022-02-11 02:54:40 ERROR (MainThread) [homeassistant.components.hassio.handler] Timeout on /addons/a0d7b954_aircast/stats request
2022-02-11 02:54:40 ERROR (MainThread) [homeassistant.components.hassio.handler] Timeout on /addons/core_almond/stats request
2022-02-11 02:54:40 ERROR (MainThread) [homeassistant.components.hassio.handler] Timeout on /addons/a0d7b954_ssh/stats request
2022-02-11 02:54:40 WARNING (MainThread) [homeassistant.components.hassio] Can't read Supervisor data: 
2022-02-11 02:59:51 ERROR (MainThread) [homeassistant.components.hassio.handler] Timeout on /addons/a0d7b954_aircast/stats request
2022-02-11 02:59:51 ERROR (MainThread) [homeassistant.components.hassio.handler] Timeout on /addons/core_almond/stats request
2022-02-11 02:59:51 ERROR (MainThread) [homeassistant.components.hassio.handler] Timeout on /addons/a0d7b954_nginxproxymanager/stats request
2022-02-11 02:59:51 ERROR (MainThread) [homeassistant.components.hassio.handler] Timeout on /addons/a0d7b954_ftp/stats request
2022-02-11 02:59:51 ERROR (MainThread) [homeassistant.components.hassio.handler] Timeout on /addons/a0d7b954_ssh/stats request
2022-02-11 02:59:51 WARNING (MainThread) [homeassistant.components.hassio] Can't read Supervisor data: 
2022-02-11 03:05:02 ERROR (MainThread) [homeassistant.components.hassio.handler] Timeout on /addons/a0d7b954_aircast/stats request
2022-02-11 03:05:02 ERROR (MainThread) [homeassistant.components.hassio.handler] Timeout on /addons/core_almond/stats request
2022-02-11 03:05:02 ERROR (MainThread) [homeassistant.components.hassio.handler] Timeout on /addons/a0d7b954_nginxproxymanager/stats request
2022-02-11 03:05:02 WARNING (MainThread) [homeassistant.components.hassio] Can't read Supervisor data: 
2022-02-11 03:10:13 ERROR (MainThread) [homeassistant.components.hassio.handler] Timeout on /addons/a0d7b954_aircast/stats request
2022-02-11 03:10:13 WARNING (MainThread) [homeassistant.components.hassio] Can't read Supervisor data: 
2022-02-11 03:20:34 ERROR (MainThread) [homeassistant.components.hassio.handler] Timeout on /addons/a0d7b954_ssh/stats request
2022-02-11 03:20:34 ERROR (MainThread) [homeassistant.components.hassio.handler] Timeout on /addons/a0d7b954_aircast/stats request
2022-02-11 03:20:34 ERROR (MainThread) [homeassistant.components.hassio.handler] Timeout on /addons/a0d7b954_ftp/stats request
2022-02-11 03:20:34 ERROR (MainThread) [homeassistant.components.hassio.handler] Timeout on /addons/a0d7b954_spotify/stats request
2022-02-11 03:20:34 ERROR (MainThread) [homeassistant.components.hassio.handler] Timeout on /addons/core_almond/stats request
2022-02-11 03:20:34 ERROR (MainThread) [homeassistant.components.hassio.handler] Timeout on /addons/a0d7b954_nginxproxymanager/stats request
2022-02-11 03:20:34 WARNING (MainThread) [homeassistant.components.hassio] Can't read Supervisor data: 
2022-02-11 03:25:45 ERROR (MainThread) [homeassistant.components.hassio.handler] Timeout on /addons/core_almond/stats request
2022-02-11 03:25:45 ERROR (MainThread) [homeassistant.components.hassio.handler] Timeout on /addons/a0d7b954_aircast/stats request
2022-02-11 03:25:45 ERROR (MainThread) [homeassistant.components.hassio.handler] Timeout on /addons/a0d7b954_ftp/stats request
2022-02-11 03:25:45 ERROR (MainThread) [homeassistant.components.hassio.handler] Timeout on /addons/a0d7b954_ssh/stats request
2022-02-11 03:25:45 ERROR (MainThread) [homeassistant.components.hassio.handler] Timeout on /addons/a0d7b954_sqlite-web/stats request
2022-02-11 03:25:45 ERROR (MainThread) [homeassistant.components.hassio.handler] Timeout on /addons/a0d7b954_nginxproxymanager/stats request
2022-02-11 03:25:45 WARNING (MainThread) [homeassistant.components.hassio] Can't read Supervisor data: 
2022-02-11 03:30:56 ERROR (MainThread) [homeassistant.components.hassio.handler] Timeout on /addons/a0d7b954_ssh/stats request
2022-02-11 03:30:56 ERROR (MainThread) [homeassistant.components.hassio.handler] Timeout on /addons/a0d7b954_nginxproxymanager/stats request
2022-02-11 03:30:56 ERROR (MainThread) [homeassistant.components.hassio.handler] Timeout on /addons/a0d7b954_aircast/stats request
2022-02-11 03:30:56 WARNING (MainThread) [homeassistant.components.hassio] Can't read Supervisor data: 
2022-02-11 03:36:07 ERROR (MainThread) [homeassistant.components.hassio.handler] Timeout on /addons/a0d7b954_nginxproxymanager/stats request
2022-02-11 03:36:07 WARNING (MainThread) [homeassistant.components.hassio] Can't read Supervisor data: 
2022-02-11 03:41:18 ERROR (MainThread) [homeassistant.components.hassio.handler] Timeout on /addons/a0d7b954_ssh/stats request
2022-02-11 03:41:18 ERROR (MainThread) [homeassistant.components.hassio.handler] Timeout on /addons/a0d7b954_nginxproxymanager/stats request
2022-02-11 03:41:18 WARNING (MainThread) [homeassistant.components.hassio] Can't read Supervisor data: 
2022-02-11 03:46:29 ERROR (MainThread) [homeassistant.components.hassio.handler] Timeout on /addons/core_almond/stats request
2022-02-11 03:46:29 ERROR (MainThread) [homeassistant.components.hassio.handler] Timeout on /addons/a0d7b954_nginxproxymanager/stats request
2022-02-11 03:46:29 ERROR (MainThread) [homeassistant.components.hassio.handler] Timeout on /addons/a0d7b954_ftp/stats request
2022-02-11 03:46:29 ERROR (MainThread) [homeassistant.components.hassio.handler] Timeout on /addons/a0d7b954_ssh/stats request
2022-02-11 03:46:29 WARNING (MainThread) [homeassistant.components.hassio] Can't read Supervisor data: 
2022-02-11 03:51:40 ERROR (MainThread) [homeassistant.components.hassio.handler] Timeout on /addons/a0d7b954_nginxproxymanager/stats request
2022-02-11 03:51:40 WARNING (MainThread) [homeassistant.components.hassio] Can't read Supervisor data: 
2022-02-11 03:56:51 ERROR (MainThread) [homeassistant.components.hassio.handler] Timeout on /addons/core_almond/stats request
2022-02-11 03:56:51 ERROR (MainThread) [homeassistant.components.hassio.handler] Timeout on /addons/a0d7b954_nginxproxymanager/stats request
2022-02-11 03:56:51 ERROR (MainThread) [homeassistant.components.hassio.handler] Timeout on /addons/a0d7b954_ssh/stats request
2022-02-11 03:56:51 ERROR (MainThread) [homeassistant.components.hassio.handler] Timeout on /addons/a0d7b954_aircast/stats request
2022-02-11 03:56:51 WARNING (MainThread) [homeassistant.components.hassio] Can't read Supervisor data: 
2022-02-11 04:02:02 ERROR (MainThread) [homeassistant.components.hassio.handler] Timeout on /addons/a0d7b954_aircast/stats request
2022-02-11 04:02:02 ERROR (MainThread) [homeassistant.components.hassio.handler] Timeout on /addons/a0d7b954_nginxproxymanager/stats request
2022-02-11 04:02:02 WARNING (MainThread) [homeassistant.components.hassio] Can't read Supervisor data: 
2022-02-11 04:07:13 ERROR (MainThread) [homeassistant.components.hassio.handler] Timeout on /addons/a0d7b954_nginxproxymanager/stats request
2022-02-11 04:07:13 ERROR (MainThread) [homeassistant.components.hassio.handler] Timeout on /addons/a0d7b954_ssh/stats request
2022-02-11 04:07:13 ERROR (MainThread) [homeassistant.components.hassio.handler] Timeout on /addons/a0d7b954_aircast/stats request
2022-02-11 04:07:13 ERROR (MainThread) [homeassistant.components.hassio.handler] Timeout on /addons/core_almond/stats request
2022-02-11 04:07:13 ERROR (MainThread) [homeassistant.components.hassio.handler] Timeout on /addons/a0d7b954_sqlite-web/stats request
2022-02-11 04:07:13 WARNING (MainThread) [homeassistant.components.hassio] Can't read Supervisor data: 
2022-02-11 04:12:24 ERROR (MainThread) [homeassistant.components.hassio.handler] Timeout on /addons/a0d7b954_aircast/stats request
2022-02-11 04:12:24 ERROR (MainThread) [homeassistant.components.hassio.handler] Timeout on /addons/a0d7b954_nginxproxymanager/stats request
2022-02-11 04:12:24 ERROR (MainThread) [homeassistant.components.hassio.handler] Timeout on /addons/a0d7b954_ftp/stats request
2022-02-11 04:12:24 ERROR (MainThread) [homeassistant.components.hassio.handler] Timeout on /addons/core_almond/stats request
2022-02-11 04:12:24 WARNING (MainThread) [homeassistant.components.hassio] Can't read Supervisor data: 
2022-02-11 04:17:35 ERROR (MainThread) [homeassistant.components.hassio.handler] Timeout on /addons/a0d7b954_nginxproxymanager/stats request
2022-02-11 04:17:35 ERROR (MainThread) [homeassistant.components.hassio.handler] Timeout on /addons/a0d7b954_ssh/stats request
2022-02-11 04:17:35 ERROR (MainThread) [homeassistant.components.hassio.handler] Timeout on /addons/a0d7b954_aircast/stats request
2022-02-11 04:17:35 ERROR (MainThread) [homeassistant.components.hassio.handler] Timeout on /addons/a0d7b954_ftp/stats request
2022-02-11 04:17:35 ERROR (MainThread) [homeassistant.components.hassio.handler] Timeout on /addons/a0d7b954_spotify/stats request
2022-02-11 04:17:35 WARNING (MainThread) [homeassistant.components.hassio] Can't read Supervisor data: 
2022-02-11 04:22:46 ERROR (MainThread) [homeassistant.components.hassio.handler] Timeout on /addons/a0d7b954_nginxproxymanager/stats request
2022-02-11 04:22:46 ERROR (MainThread) [homeassistant.components.hassio.handler] Timeout on /addons/a0d7b954_aircast/stats request
2022-02-11 04:22:46 WARNING (MainThread) [homeassistant.components.hassio] Can't read Supervisor data: 
2022-02-11 04:43:28 ERROR (MainThread) [homeassistant.components.hassio.handler] Timeout on /addons/a0d7b954_nginxproxymanager/stats request
2022-02-11 04:43:28 ERROR (MainThread) [homeassistant.components.hassio.handler] Timeout on /addons/core_almond/stats request
2022-02-11 04:43:28 ERROR (MainThread) [homeassistant.components.hassio.handler] Timeout on /addons/a0d7b954_aircast/stats request
2022-02-11 04:43:28 ERROR (MainThread) [homeassistant.components.hassio.handler] Timeout on /addons/a0d7b954_sqlite-web/stats request
2022-02-11 04:43:28 WARNING (MainThread) [homeassistant.components.hassio] Can't read Supervisor data: 
2022-02-11 04:48:39 ERROR (MainThread) [homeassistant.components.hassio.handler] Timeout on /addons/a0d7b954_aircast/stats request
2022-02-11 04:48:39 ERROR (MainThread) [homeassistant.components.hassio.handler] Timeout on /addons/a0d7b954_ftp/stats request
2022-02-11 04:48:39 ERROR (MainThread) [homeassistant.components.hassio.handler] Timeout on /addons/a0d7b954_ssh/stats request
2022-02-11 04:48:39 ERROR (MainThread) [homeassistant.components.hassio.handler] Timeout on /addons/core_almond/stats request
2022-02-11 04:48:39 ERROR (MainThread) [homeassistant.components.hassio.handler] Timeout on /addons/a0d7b954_spotify/stats request
2022-02-11 04:48:39 ERROR (MainThread) [homeassistant.components.hassio.handler] Timeout on /addons/a0d7b954_sqlite-web/stats request
2022-02-11 04:48:39 ERROR (MainThread) [homeassistant.components.hassio.handler] Timeout on /addons/a0d7b954_plex/stats request
2022-02-11 04:48:39 ERROR (MainThread) [homeassistant.components.hassio.handler] Timeout on /addons/a0d7b954_nginxproxymanager/stats request
2022-02-11 04:48:39 WARNING (MainThread) [homeassistant.components.hassio] Can't read Supervisor data: 
2022-02-11 04:53:50 ERROR (MainThread) [homeassistant.components.hassio.handler] Timeout on /addons/a0d7b954_ssh/stats request
2022-02-11 04:53:50 ERROR (MainThread) [homeassistant.components.hassio.handler] Timeout on /addons/a0d7b954_nginxproxymanager/stats request
2022-02-11 04:53:50 WARNING (MainThread) [homeassistant.components.hassio] Can't read Supervisor data: 
2022-02-11 04:59:01 ERROR (MainThread) [homeassistant.components.hassio.handler] Timeout on /addons/a0d7b954_spotify/stats request
2022-02-11 04:59:01 ERROR (MainThread) [homeassistant.components.hassio.handler] Timeout on /addons/a0d7b954_ftp/stats request
2022-02-11 04:59:01 ERROR (MainThread) [homeassistant.components.hassio.handler] Timeout on /addons/a0d7b954_ssh/stats request
2022-02-11 04:59:01 ERROR (MainThread) [homeassistant.components.hassio.handler] Timeout on /addons/core_almond/stats request
2022-02-11 04:59:01 ERROR (MainThread) [homeassistant.components.hassio.handler] Timeout on /addons/a0d7b954_nginxproxymanager/stats request
2022-02-11 04:59:01 ERROR (MainThread) [homeassistant.components.hassio.handler] Timeout on /addons/a0d7b954_aircast/stats request
2022-02-11 04:59:01 WARNING (MainThread) [homeassistant.components.hassio] Can't read Supervisor data: 
2022-02-11 05:00:04 WARNING (MainThread) [homeassistant.components.webhook] Received message for unregistered webhook ec1ba21288da430ade0981715082fbb3d15a5705aa15ee99c99d3cdf737a4705 from cloud
2022-02-11 05:00:06 WARNING (MainThread) [homeassistant.components.webhook] Received message for unregistered webhook ec1ba21288da430ade0981715082fbb3d15a5705aa15ee99c99d3cdf737a4705 from cloud
2022-02-11 05:09:23 ERROR (MainThread) [homeassistant.components.hassio.handler] Timeout on /addons/a0d7b954_aircast/stats request
2022-02-11 05:09:23 ERROR (MainThread) [homeassistant.components.hassio.handler] Timeout on /addons/a0d7b954_nginxproxymanager/stats request
2022-02-11 05:09:23 WARNING (MainThread) [homeassistant.components.hassio] Can't read Supervisor data: 
2022-02-11 05:14:34 ERROR (MainThread) [homeassistant.components.hassio.handler] Timeout on /addons/a0d7b954_nginxproxymanager/stats request
2022-02-11 05:14:34 ERROR (MainThread) [homeassistant.components.hassio.handler] Timeout on /addons/a0d7b954_aircast/stats request
2022-02-11 05:14:34 ERROR (MainThread) [homeassistant.components.hassio.handler] Timeout on /addons/a0d7b954_ssh/stats request
2022-02-11 05:14:34 ERROR (MainThread) [homeassistant.components.hassio.handler] Timeout on /addons/core_almond/stats request
2022-02-11 05:14:34 WARNING (MainThread) [homeassistant.components.hassio] Can't read Supervisor data: 
2022-02-11 05:19:45 ERROR (MainThread) [homeassistant.components.hassio.handler] Timeout on /addons/a0d7b954_ssh/stats request
2022-02-11 05:19:45 WARNING (MainThread) [homeassistant.components.hassio] Can't read Supervisor data: 
2022-02-11 05:24:56 ERROR (MainThread) [homeassistant.components.hassio.handler] Timeout on /addons/a0d7b954_aircast/stats request
2022-02-11 05:24:56 ERROR (MainThread) [homeassistant.components.hassio.handler] Timeout on /addons/core_almond/stats request
2022-02-11 05:24:56 ERROR (MainThread) [homeassistant.components.hassio.handler] Timeout on /addons/a0d7b954_nginxproxymanager/stats request
2022-02-11 05:24:56 WARNING (MainThread) [homeassistant.components.hassio] Can't read Supervisor data: 
2022-02-11 05:30:07 ERROR (MainThread) [homeassistant.components.hassio.handler] Timeout on /addons/a0d7b954_nginxproxymanager/stats request
2022-02-11 05:30:07 WARNING (MainThread) [homeassistant.components.hassio] Can't read Supervisor data: 
2022-02-11 05:35:18 ERROR (MainThread) [homeassistant.components.hassio.handler] Timeout on /addons/a0d7b954_ssh/stats request
2022-02-11 05:35:18 ERROR (MainThread) [homeassistant.components.hassio.handler] Timeout on /addons/a0d7b954_nginxproxymanager/stats request
2022-02-11 05:35:18 WARNING (MainThread) [homeassistant.components.hassio] Can't read Supervisor data: 
2022-02-11 05:45:40 ERROR (MainThread) [homeassistant.components.hassio.handler] Timeout on /addons/a0d7b954_aircast/stats request
2022-02-11 05:45:40 ERROR (MainThread) [homeassistant.components.hassio.handler] Timeout on /addons/core_almond/stats request
2022-02-11 05:45:40 ERROR (MainThread) [homeassistant.components.hassio.handler] Timeout on /addons/a0d7b954_nginxproxymanager/stats request
2022-02-11 05:45:40 WARNING (MainThread) [homeassistant.components.hassio] Can't read Supervisor data: 
2022-02-11 05:50:51 ERROR (MainThread) [homeassistant.components.hassio.handler] Timeout on /addons/a0d7b954_aircast/stats request
2022-02-11 05:50:51 ERROR (MainThread) [homeassistant.components.hassio.handler] Timeout on /addons/a0d7b954_ftp/stats request
2022-02-11 05:50:51 ERROR (MainThread) [homeassistant.components.hassio.handler] Timeout on /addons/core_almond/stats request
2022-02-11 05:50:51 ERROR (MainThread) [homeassistant.components.hassio.handler] Timeout on /addons/a0d7b954_nginxproxymanager/stats request
2022-02-11 05:50:51 WARNING (MainThread) [homeassistant.components.hassio] Can't read Supervisor data: 
2022-02-11 05:56:02 ERROR (MainThread) [homeassistant.components.hassio.handler] Timeout on /addons/core_almond/stats request
2022-02-11 05:56:02 ERROR (MainThread) [homeassistant.components.hassio.handler] Timeout on /addons/a0d7b954_aircast/stats request
2022-02-11 05:56:02 ERROR (MainThread) [homeassistant.components.hassio.handler] Timeout on /addons/a0d7b954_nginxproxymanager/stats request
2022-02-11 05:56:02 WARNING (MainThread) [homeassistant.components.hassio] Can't read Supervisor data: 
2022-02-11 06:01:13 ERROR (MainThread) [homeassistant.components.hassio.handler] Timeout on /addons/a0d7b954_nginxproxymanager/stats request
2022-02-11 06:01:13 WARNING (MainThread) [homeassistant.components.hassio] Can't read Supervisor data: 
2022-02-11 06:04:37 ERROR (MainThread) [aiohttp.server] Unhandled exception
Traceback (most recent call last):
  File "/usr/local/lib/python3.9/asyncio/base_events.py", line 1183, in _sendfile_fallback
    read = await self.run_in_executor(None, file.readinto, view)
asyncio.exceptions.CancelledError

During handling of the above exception, another exception occurred:

Traceback (most recent call last):
  File "/usr/local/lib/python3.9/site-packages/aiohttp/web_protocol.py", line 514, in start
    resp, reset = await task
  File "/usr/local/lib/python3.9/site-packages/aiohttp/web_protocol.py", line 460, in _handle_request
    reset = await self.finish_response(request, resp, start_time)
  File "/usr/local/lib/python3.9/site-packages/aiohttp/web_protocol.py", line 613, in finish_response
    await prepare_meth(request)
  File "/usr/local/lib/python3.9/site-packages/aiohttp/web_fileresponse.py", line 286, in prepare
    return await self._sendfile(request, fobj, offset, count)
  File "/usr/local/lib/python3.9/site-packages/aiohttp/web_fileresponse.py", line 99, in _sendfile
    await loop.sendfile(transport, fobj, offset, count)
  File "/usr/local/lib/python3.9/asyncio/base_events.py", line 1162, in sendfile
    return await self._sendfile_fallback(transport, file,
  File "/usr/local/lib/python3.9/asyncio/base_events.py", line 1192, in _sendfile_fallback
    await proto.restore()
  File "/usr/local/lib/python3.9/asyncio/base_events.py", line 263, in restore
    self._transport.resume_reading()
  File "/usr/local/lib/python3.9/asyncio/sslproto.py", line 343, in resume_reading
    self._ssl_protocol._transport.resume_reading()
AttributeError: 'NoneType' object has no attribute 'resume_reading'
2022-02-11 06:05:06 ERROR (MainThread) [homeassistant.components.hassio.ingress] Can't set forward_for header, missing peername
2022-02-11 06:11:34 ERROR (MainThread) [homeassistant.components.hassio.handler] Timeout on /addons/a0d7b954_ftp/stats request
2022-02-11 06:11:34 ERROR (MainThread) [homeassistant.components.hassio.handler] Timeout on /addons/a0d7b954_spotify/stats request
2022-02-11 06:11:34 ERROR (MainThread) [homeassistant.components.hassio.handler] Timeout on /addons/a0d7b954_aircast/stats request
2022-02-11 06:11:34 ERROR (MainThread) [homeassistant.components.hassio.handler] Timeout on /addons/a0d7b954_plex/stats request
2022-02-11 06:11:34 ERROR (MainThread) [homeassistant.components.hassio.handler] Timeout on /addons/a0d7b954_nginxproxymanager/stats request
2022-02-11 06:11:34 ERROR (MainThread) [homeassistant.components.hassio.handler] Timeout on /addons/a0d7b954_ssh/stats request
2022-02-11 06:11:34 WARNING (MainThread) [homeassistant.components.hassio] Can't read Supervisor data: 
2022-02-11 06:11:54 ERROR (MainThread) [homeassistant.components.hassio.ingress] Can't set forward_for header, missing peername
2022-02-11 06:11:54 ERROR (MainThread) [homeassistant.components.hassio.ingress] Can't set forward_for header, missing peername
2022-02-11 06:16:45 ERROR (MainThread) [homeassistant.components.hassio.handler] Timeout on /addons/a0d7b954_nginxproxymanager/stats request
2022-02-11 06:16:45 ERROR (MainThread) [homeassistant.components.hassio.handler] Timeout on /addons/a0d7b954_ssh/stats request
2022-02-11 06:16:45 WARNING (MainThread) [homeassistant.components.hassio] Can't read Supervisor data: 
2022-02-11 06:21:56 ERROR (MainThread) [homeassistant.components.hassio.handler] Timeout on /addons/a0d7b954_nginxproxymanager/stats request
2022-02-11 06:21:56 ERROR (MainThread) [homeassistant.components.hassio.handler] Timeout on /addons/a0d7b954_aircast/stats request
2022-02-11 06:21:56 ERROR (MainThread) [homeassistant.components.hassio.handler] Timeout on /addons/core_almond/stats request
2022-02-11 06:21:56 WARNING (MainThread) [homeassistant.components.hassio] Can't read Supervisor data: 
2022-02-11 06:27:07 ERROR (MainThread) [homeassistant.components.hassio.handler] Timeout on /addons/a0d7b954_aircast/stats request
2022-02-11 06:27:07 ERROR (MainThread) [homeassistant.components.hassio.handler] Timeout on /addons/a0d7b954_ssh/stats request
2022-02-11 06:27:07 ERROR (MainThread) [homeassistant.components.hassio.handler] Timeout on /addons/a0d7b954_ftp/stats request
2022-02-11 06:27:07 ERROR (MainThread) [homeassistant.components.hassio.handler] Timeout on /addons/a0d7b954_nginxproxymanager/stats request
2022-02-11 06:27:07 WARNING (MainThread) [homeassistant.components.hassio] Can't read Supervisor data: 
2022-02-11 06:30:11 ERROR (SyncWorker_7) [homeassistant.util.yaml.loader] while scanning a simple key
  in "/config/configuration.yaml", line 7, column 1
could not find expected ':'
  in "/config/configuration.yaml", line 8, column 6
2022-02-11 06:30:11 ERROR (MainThread) [homeassistant.components.homeassistant] while scanning a simple key
  in "/config/configuration.yaml", line 7, column 1
could not find expected ':'
  in "/config/configuration.yaml", line 8, column 6
2022-02-11 06:32:18 ERROR (MainThread) [homeassistant.components.hassio.handler] Timeout on /addons/a0d7b954_ftp/stats request
2022-02-11 06:32:18 ERROR (MainThread) [homeassistant.components.hassio.handler] Timeout on /addons/a0d7b954_nginxproxymanager/stats request
2022-02-11 06:32:18 ERROR (MainThread) [homeassistant.components.hassio.handler] Timeout on /addons/core_almond/stats request
2022-02-11 06:32:18 ERROR (MainThread) [homeassistant.components.hassio.handler] Timeout on /addons/a0d7b954_aircast/stats request
2022-02-11 06:32:18 WARNING (MainThread) [homeassistant.components.hassio] Can't read Supervisor data: 
2022-02-11 06:34:48 ERROR (MainThread) [homeassistant.components.hassio.ingress] Can't set forward_for header, missing peername
2022-02-11 06:34:48 ERROR (MainThread) [homeassistant.components.hassio.ingress] Can't set forward_for header, missing peername
2022-02-11 06:39:21 ERROR (SyncWorker_0) [homeassistant.util.yaml.loader] while scanning a simple key
  in "/config/configuration.yaml", line 7, column 1
could not find expected ':'
  in "/config/configuration.yaml", line 8, column 6
2022-02-11 06:42:39 ERROR (MainThread) [homeassistant.components.hassio.handler] Timeout on /addons/a0d7b954_nginxproxymanager/stats request
2022-02-11 06:42:39 ERROR (MainThread) [homeassistant.components.hassio.handler] Timeout on /addons/a0d7b954_ftp/stats request
2022-02-11 06:42:39 WARNING (MainThread) [homeassistant.components.hassio] Can't read Supervisor data: 
2022-02-11 06:47:50 ERROR (MainThread) [homeassistant.components.hassio.handler] Timeout on /addons/a0d7b954_sqlite-web/stats request
2022-02-11 06:47:50 ERROR (MainThread) [homeassistant.components.hassio.handler] Timeout on /addons/a0d7b954_spotify/stats request
2022-02-11 06:47:50 ERROR (MainThread) [homeassistant.components.hassio.handler] Timeout on /addons/a0d7b954_nginxproxymanager/stats request
2022-02-11 06:47:50 ERROR (MainThread) [homeassistant.components.hassio.handler] Timeout on /addons/core_almond/stats request
2022-02-11 06:47:50 ERROR (MainThread) [homeassistant.components.hassio.handler] Timeout on /addons/a0d7b954_ftp/stats request
2022-02-11 06:47:50 ERROR (MainThread) [homeassistant.components.hassio.handler] Timeout on /addons/a0d7b954_ssh/stats request
2022-02-11 06:47:50 ERROR (MainThread) [homeassistant.components.hassio.handler] Timeout on /addons/a0d7b954_aircast/stats request
2022-02-11 06:47:50 WARNING (MainThread) [homeassistant.components.hassio] Can't read Supervisor data: 
2022-02-11 06:58:00 WARNING (MainThread) [homeassistant.components.http.ban] Login attempt or request with invalid authentication from smac.fritz.box (192.168.178.12). (Mozilla/5.0 (Macintosh; Intel Mac OS X 10.15; rv:97.0) Gecko/20100101 Firefox/97.0)
2022-02-11 07:08:33 ERROR (MainThread) [homeassistant.components.hassio.handler] Timeout on /addons/a0d7b954_nginxproxymanager/stats request
2022-02-11 07:08:33 ERROR (MainThread) [homeassistant.components.hassio.handler] Timeout on /addons/core_almond/stats request
2022-02-11 07:08:33 ERROR (MainThread) [homeassistant.components.hassio.handler] Timeout on /addons/a0d7b954_ftp/stats request
2022-02-11 07:08:33 ERROR (MainThread) [homeassistant.components.hassio.handler] Timeout on /addons/a0d7b954_aircast/stats request
2022-02-11 07:08:33 WARNING (MainThread) [homeassistant.components.hassio] Can't read Supervisor data: 
2022-02-11 07:13:44 ERROR (MainThread) [homeassistant.components.hassio.handler] Timeout on /addons/a0d7b954_sqlite-web/stats request
2022-02-11 07:13:44 ERROR (MainThread) [homeassistant.components.hassio.handler] Timeout on /addons/a0d7b954_nginxproxymanager/stats request
2022-02-11 07:13:44 ERROR (MainThread) [homeassistant.components.hassio.handler] Timeout on /addons/a0d7b954_aircast/stats request
2022-02-11 07:13:44 ERROR (MainThread) [homeassistant.components.hassio.handler] Timeout on /addons/core_almond/stats request
2022-02-11 07:13:44 WARNING (MainThread) [homeassistant.components.hassio] Can't read Supervisor data: 
2022-02-11 07:18:55 ERROR (MainThread) [homeassistant.components.hassio.handler] Timeout on /addons/a0d7b954_aircast/stats request
2022-02-11 07:18:55 ERROR (MainThread) [homeassistant.components.hassio.handler] Timeout on /addons/a0d7b954_ssh/stats request
2022-02-11 07:18:55 ERROR (MainThread) [homeassistant.components.hassio.handler] Timeout on /addons/a0d7b954_nginxproxymanager/stats request
2022-02-11 07:18:55 WARNING (MainThread) [homeassistant.components.hassio] Can't read Supervisor data: 
2022-02-11 07:24:06 ERROR (MainThread) [homeassistant.components.hassio.handler] Timeout on /addons/a0d7b954_aircast/stats request
2022-02-11 07:24:06 ERROR (MainThread) [homeassistant.components.hassio.handler] Timeout on /addons/a0d7b954_nginxproxymanager/stats request
2022-02-11 07:24:06 WARNING (MainThread) [homeassistant.components.hassio] Can't read Supervisor data: 
2022-02-11 07:39:38 ERROR (MainThread) [homeassistant.components.hassio.handler] Timeout on /addons/a0d7b954_nginxproxymanager/stats request
2022-02-11 07:39:38 ERROR (MainThread) [homeassistant.components.hassio.handler] Timeout on /addons/a0d7b954_aircast/stats request
2022-02-11 07:39:38 WARNING (MainThread) [homeassistant.components.hassio] Can't read Supervisor data: 
2022-02-11 07:44:49 ERROR (MainThread) [homeassistant.components.hassio.handler] Timeout on /addons/a0d7b954_nginxproxymanager/stats request
2022-02-11 07:44:49 ERROR (MainThread) [homeassistant.components.hassio.handler] Timeout on /addons/a0d7b954_aircast/stats request
2022-02-11 07:44:49 WARNING (MainThread) [homeassistant.components.hassio] Can't read Supervisor data: 
2022-02-11 07:55:10 ERROR (MainThread) [homeassistant.components.hassio.handler] Timeout on /addons/a0d7b954_ssh/stats request
2022-02-11 07:55:10 ERROR (MainThread) [homeassistant.components.hassio.handler] Timeout on /addons/a0d7b954_nginxproxymanager/stats request
2022-02-11 07:55:10 ERROR (MainThread) [homeassistant.components.hassio.handler] Timeout on /addons/a0d7b954_ftp/stats request
2022-02-11 07:55:10 ERROR (MainThread) [homeassistant.components.hassio.handler] Timeout on /addons/a0d7b954_aircast/stats request
2022-02-11 07:55:10 ERROR (MainThread) [homeassistant.components.hassio.handler] Timeout on /addons/core_almond/stats request
2022-02-11 07:55:10 WARNING (MainThread) [homeassistant.components.hassio] Can't read Supervisor data: 
2022-02-11 08:00:21 ERROR (MainThread) [homeassistant.components.hassio.handler] Timeout on /addons/core_almond/stats request
2022-02-11 08:00:21 ERROR (MainThread) [homeassistant.components.hassio.handler] Timeout on /addons/a0d7b954_nginxproxymanager/stats request
2022-02-11 08:00:21 ERROR (MainThread) [homeassistant.components.hassio.handler] Timeout on /addons/a0d7b954_aircast/stats request
2022-02-11 08:00:21 WARNING (MainThread) [homeassistant.components.hassio] Can't read Supervisor data: 
2022-02-11 08:05:32 ERROR (MainThread) [homeassistant.components.hassio.handler] Timeout on /addons/a0d7b954_ssh/stats request
2022-02-11 08:05:32 ERROR (MainThread) [homeassistant.components.hassio.handler] Timeout on /addons/a0d7b954_nginxproxymanager/stats request
2022-02-11 08:05:32 ERROR (MainThread) [homeassistant.components.hassio.handler] Timeout on /addons/a0d7b954_aircast/stats request
2022-02-11 08:05:32 ERROR (MainThread) [homeassistant.components.hassio.handler] Timeout on /addons/a0d7b954_ftp/stats request
2022-02-11 08:05:32 WARNING (MainThread) [homeassistant.components.hassio] Can't read Supervisor data: 
2022-02-11 08:05:45 ERROR (MainThread) [homeassistant.components.hassio.ingress] Can't set forward_for header, missing peername
2022-02-11 08:06:10 ERROR (MainThread) [homeassistant.components.hassio.ingress] Can't set forward_for header, missing peername
2022-02-11 08:06:10 ERROR (MainThread) [homeassistant.components.hassio.ingress] Can't set forward_for header, missing peername
